[2025-06-11 21:48:46] Registro exitoso: Usuario 'a' con email 'dsad@a.k'
[2025-06-11 22:07:42] Registro exitoso: Usuario 'admin' con email 'admin@admin.admin'
[2025-06-12 18:12:03] Registro pendiente: Usuario 'pana' con email 'panapriv@gmail.com'
[2025-06-12 18:39:45] Registro pendiente: Usuario 'pana' con email 'panapriv@gmail.com'
[2025-06-12 18:43:08] Registro pendiente: Usuario 'pana' con email 'panapriv@gmail.com'
[2025-06-12 18:54:57] Registro pendiente: Usuario 'pana' con email 'panapriv@gmail.com'
[2025-06-12 18:56:00] Registro pendiente: Usuario 'pana' con email 'panapriv@gmail.com'
[2025-06-12 19:33:16] Registro pendiente: Usuario 'pana' con email 'panapriv@gmail.com'
[2025-06-12 19:34:26] Registro pendiente: Usuario 'pana' con email 'panapriv@gmail.com'
[2025-06-12 21:11:10] Registro pendiente: Usuario 'pana' con email 'panapriv@gmail.com'
[2025-06-12 21:36:42] Inicio de sesión: Usuario 'angel' con email 'angelrobaliz@gmail.com'
[2025-06-12 21:37:05] Inicio de sesión: Usuario 'admin' con email 'admin@admin.admin'
[2025-06-12 21:39:53] Cierre de sesión: Usuario 'admin' con email 'admin@admin.admin'
[2025-06-12 21:40:09] Inicio de sesión: Usuario 'otaku' con email 'robalizaotaku@gmail.com'
[2025-06-12 21:40:40] Cierre de sesión: Usuario 'otaku' con email 'robalizaotaku@gmail.com'
[2025-06-12 21:40:56] Inicio de sesión: Usuario 'admin' con email 'admin@admin.admin'
[2025-06-12 21:41:31] Cierre de sesión: Usuario 'admin' con email 'admin@admin.admin'
[2025-06-12 21:47:04] Inicio de sesión: Usuario 'otaku' con email 'robalizaotaku@gmail.com'
[2025-06-12 22:08:17] Cierre de sesión: Usuario 'otaku' con email 'robalizaotaku@gmail.com'
[2025-06-12 22:11:19] Registro pendiente: Usuario 'pana' con email 'panapriv@gmail.com'
[2025-06-12 22:12:22] Inicio de sesión: Usuario 'pana' con email 'panapriv@gmail.com'
[2025-06-12 22:12:53] Cierre de sesión: Usuario 'pana' con email 'panapriv@gmail.com'
[2025-06-12 22:12:58] Inicio de sesión: Usuario 'otaku' con email 'robalizaotaku@gmail.com'
[2025-06-12 22:16:08] Inicio de sesión: Usuario 'angel' con email 'angelrobaliz@gmail.com'
[2025-06-12 22:36:25] Cierre de sesión: Usuario 'otaku' con email 'robalizaotaku@gmail.com'
[2025-06-12 22:37:09] Registro pendiente: Usuario 'pana' con email 'panapriv@gmail.com'
[2025-06-12 22:37:24] Inicio de sesión: Usuario 'pana' con email 'panapriv@gmail.com'
[2025-06-12 22:45:01] Cierre de sesión: Usuario 'angel' con email 'angelrobaliz@gmail.com'
[2025-06-12 22:46:48] Registro pendiente: Usuario 'pana' con email 'panapriv@gmail.com'
[2025-06-12 22:47:04] Inicio de sesión: Usuario 'pana' con email 'panapriv@gmail.com'
[2025-06-12 22:47:16] Cierre de sesión: Usuario 'pana' con email 'panapriv@gmail.com'
[2025-06-12 22:47:21] Inicio de sesión: Usuario 'otaku' con email 'robalizaotaku@gmail.com'
[2025-06-12 22:55:18] Cierre de sesión: Usuario 'otaku' con email 'robalizaotaku@gmail.com'
[2025-06-12 22:55:35] Inicio de sesión: Usuario 'angel' con email 'angelrobaliz@gmail.com'
[2025-06-13 16:00:07] Inicio de sesión: Usuario 'angel' con email 'angelrobaliz@gmail.com'
[2025-06-13 16:40:50] Inicio de sesión: Usuario 'otaku' con email 'robalizaotaku@gmail.com'
[2025-06-13 16:53:37] Cierre de sesión: Usuario 'otaku' con email 'robalizaotaku@gmail.com'
[2025-06-13 16:56:48] Registro pendiente: Usuario 'Pana' con email 'panapriv@gmail.com'
[2025-06-13 16:57:08] Inicio de sesión: Usuario 'Pana' con email 'panapriv@gmail.com'
[2025-06-13 16:59:08] Inicio de sesión: Usuario 'otaku' con email 'robalizaotaku@gmail.com'
[2025-06-13 17:14:20] Registro pendiente: Usuario 'Pana' con email 'panapriv@gmail.com'
[2025-06-13 17:14:50] Inicio de sesión: Usuario 'Pana' con email 'panapriv@gmail.com'
[2025-06-13 17:15:47] Cierre de sesión: Usuario 'Pana' con email 'panapriv@gmail.com'
[2025-06-13 17:17:18] Registro pendiente: Usuario 'Pana' con email 'panapriv@gmail.com'
[2025-06-13 17:17:53] Inicio de sesión: Usuario 'Pana' con email 'panapriv@gmail.com'
[2025-06-13 17:20:42] Cierre de sesión: Usuario 'Pana' con email 'panapriv@gmail.com'
[2025-06-13 17:22:40] Registro pendiente: Usuario 'Pana' con email 'panapriv@gmail.com'
[2025-06-13 17:23:12] Inicio de sesión: Usuario 'Pana' con email 'panapriv@gmail.com'
[2025-06-13 17:28:10] Cierre de sesión: Usuario 'Pana' con email 'panapriv@gmail.com'
[2025-06-13 17:28:25] Inicio de sesión: Usuario 'admin' con email 'admin@admin.admin'
[2025-06-13 20:01:28] Inicio de sesión: Usuario 'otaku' con email 'robalizaotaku@gmail.com'
[2025-06-13 20:06:24] Cierre de sesión: Usuario 'otaku' con email 'robalizaotaku@gmail.com'
[2025-06-13 20:27:52] Inicio de sesión: Usuario 'otaku' con email 'robalizaotaku@gmail.com'
[2025-06-13 20:42:49] Cierre de sesión: Usuario 'otaku' con email 'robalizaotaku@gmail.com'
[2025-06-13 20:42:57] Inicio de sesión: Usuario 'admin' con email 'admin@admin.admin'
